This is pdfTeX, Version 3.14159265-2.6-1.40.20 (TeX Live 2019) (preloaded format=pdflatex 2019.12.28)  2 JAN 2020 13:37
entering extended mode
 restricted \write18 enabled.
 file:line:error style messages enabled.
 %&-line parsing enabled.
**"/Users/ramith/Documents/170221T/Semester 4/EN2570 - Digital Signal Processing/Filter Design Project /BandStop-FIR-Filter-Design/FIR_Report/main.tex"
(/Users/ramith/Documents/170221T/Semester 4/EN2570 - Digital Signal Processing/Filter Design Project /BandStop-FIR-Filter-Design/FIR_Report/main.tex
LaTeX2e <2018-12-01>
(/usr/local/texlive/2019/texmf-dist/tex/latex/base/article.cls
Document Class: article 2018/09/03 v1.4i Standard LaTeX document class
(/usr/local/texlive/2019/texmf-dist/tex/latex/base/size11.clo
File: size11.clo 2018/09/03 v1.4i Standard LaTeX file (size option)
)
\c@part=\count80
\c@section=\count81
\c@subsection=\count82
\c@subsubsection=\count83
\c@paragraph=\count84
\c@subparagraph=\count85
\c@figure=\count86
\c@table=\count87
\abovecaptionskip=\skip41
\belowcaptionskip=\skip42
\bibindent=\dimen102
) (/usr/local/texlive/2019/texmf-dist/tex/latex/base/fontenc.sty
Package: fontenc 2018/08/11 v2.0j Standard LaTeX package
 (/usr/local/texlive/2019/texmf-dist/tex/latex/base/t1enc.def
File: t1enc.def 2018/08/11 v2.0j Standard LaTeX file
LaTeX Font Info:    Redeclaring font encoding T1 on input line 48.
)) (/usr/local/texlive/2019/texmf-dist/tex/latex/base/inputenc.sty
Package: inputenc 2018/08/11 v1.3c Input encoding file
\inpenc@prehook=\toks14
\inpenc@posthook=\toks15
) (/usr/local/texlive/2019/texmf-dist/tex/generic/babel/babel.sty
Package: babel 2019/05/04 3.31 The Babel package
 (/usr/local/texlive/2019/texmf-dist/tex/generic/babel/switch.def
File: switch.def 2019/05/04 3.31 Babel switching mechanism
) (/usr/local/texlive/2019/texmf-dist/tex/generic/babel-english/english.ldf
Language: english 2017/06/06 v3.3r English support from the babel system
 (/usr/local/texlive/2019/texmf-dist/tex/generic/babel/babel.def
File: babel.def 2019/05/04 3.31 Babel common definitions
\babel@savecnt=\count88
\U@D=\dimen103
 (/usr/local/texlive/2019/texmf-dist/tex/generic/babel/txtbabel.def)
\bbl@dirlevel=\count89
)
\l@canadian = a dialect from \language\l@american 
\l@australian = a dialect from \language\l@british 
\l@newzealand = a dialect from \language\l@british 
)) (/usr/local/texlive/2019/texmf-dist/tex/latex/amsmath/amsmath.sty
Package: amsmath 2018/12/01 v2.17b AMS math features
\@mathmargin=\skip43

For additional information on amsmath, use the `?' option.
(/usr/local/texlive/2019/texmf-dist/tex/latex/amsmath/amstext.sty
Package: amstext 2000/06/29 v2.01 AMS text
 (/usr/local/texlive/2019/texmf-dist/tex/latex/amsmath/amsgen.sty
File: amsgen.sty 1999/11/30 v2.0 generic functions
\@emptytoks=\toks16
\ex@=\dimen104
)) (/usr/local/texlive/2019/texmf-dist/tex/latex/amsmath/amsbsy.sty
Package: amsbsy 1999/11/29 v1.2d Bold Symbols
\pmbraise@=\dimen105
) (/usr/local/texlive/2019/texmf-dist/tex/latex/amsmath/amsopn.sty
Package: amsopn 2016/03/08 v2.02 operator names
)
\inf@bad=\count90
LaTeX Info: Redefining \frac on input line 223.
\uproot@=\count91
\leftroot@=\count92
LaTeX Info: Redefining \overline on input line 385.
\classnum@=\count93
\DOTSCASE@=\count94
LaTeX Info: Redefining \ldots on input line 482.
LaTeX Info: Redefining \dots on input line 485.
LaTeX Info: Redefining \cdots on input line 606.
\Mathstrutbox@=\box27
\strutbox@=\box28
\big@size=\dimen106
LaTeX Font Info:    Redeclaring font encoding OML on input line 729.
LaTeX Font Info:    Redeclaring font encoding OMS on input line 730.
\macc@depth=\count95
\c@MaxMatrixCols=\count96
\dotsspace@=\muskip10
\c@parentequation=\count97
\dspbrk@lvl=\count98
\tag@help=\toks17
\row@=\count99
\column@=\count100
\maxfields@=\count101
\andhelp@=\toks18
\eqnshift@=\dimen107
\alignsep@=\dimen108
\tagshift@=\dimen109
\tagwidth@=\dimen110
\totwidth@=\dimen111
\lineht@=\dimen112
\@envbody=\toks19
\multlinegap=\skip44
\multlinetaggap=\skip45
\mathdisplay@stack=\toks20
LaTeX Info: Redefining \[ on input line 2844.
LaTeX Info: Redefining \] on input line 2845.
) (/usr/local/texlive/2019/texmf-dist/tex/latex/amsfonts/amssymb.sty
Package: amssymb 2013/01/14 v3.01 AMS font symbols
 (/usr/local/texlive/2019/texmf-dist/tex/latex/amsfonts/amsfonts.sty
Package: amsfonts 2013/01/14 v3.01 Basic AMSFonts support
\symAMSa=\mathgroup4
\symAMSb=\mathgroup5
LaTeX Font Info:    Overwriting math alphabet `\mathfrak' in version `bold'
(Font)                  U/euf/m/n --> U/euf/b/n on input line 106.
)) (/usr/local/texlive/2019/texmf-dist/tex/latex/base/latexsym.sty
Package: latexsym 1998/08/17 v2.2e Standard LaTeX package (lasy symbols)
\symlasy=\mathgroup6
LaTeX Font Info:    Overwriting symbol font `lasy' in version `bold'
(Font)                  U/lasy/m/n --> U/lasy/b/n on input line 52.
) (/usr/local/texlive/2019/texmf-dist/tex/latex/graphics/graphicx.sty
Package: graphicx 2017/06/01 v1.1a Enhanced LaTeX Graphics (DPC,SPQR)
 (/usr/local/texlive/2019/texmf-dist/tex/latex/graphics/keyval.sty
Package: keyval 2014/10/28 v1.15 key=value parser (DPC)
\KV@toks@=\toks21
) (/usr/local/texlive/2019/texmf-dist/tex/latex/graphics/graphics.sty
Package: graphics 2017/06/25 v1.2c Standard LaTeX Graphics (DPC,SPQR)
 (/usr/local/texlive/2019/texmf-dist/tex/latex/graphics/trig.sty
Package: trig 2016/01/03 v1.10 sin cos tan (DPC)
) (/usr/local/texlive/2019/texmf-dist/tex/latex/graphics-cfg/graphics.cfg
File: graphics.cfg 2016/06/04 v1.11 sample graphics configuration
)
Package graphics Info: Driver file: pdftex.def on input line 99.
 (/usr/local/texlive/2019/texmf-dist/tex/latex/graphics-def/pdftex.def
File: pdftex.def 2018/01/08 v1.0l Graphics/color driver for pdftex
))
\Gin@req@height=\dimen113
\Gin@req@width=\dimen114
) (/usr/local/texlive/2019/texmf-dist/tex/latex/oberdiek/epstopdf.sty
Package: epstopdf 2016/05/15 v2.6 Conversion with epstopdf on the fly (HO)
 (/usr/local/texlive/2019/texmf-dist/tex/latex/oberdiek/epstopdf-base.sty
Package: epstopdf-base 2016/05/15 v2.6 Base part for package epstopdf
 (/usr/local/texlive/2019/texmf-dist/tex/generic/oberdiek/infwarerr.sty
Package: infwarerr 2016/05/16 v1.4 Providing info/warning/error messages (HO)
) (/usr/local/texlive/2019/texmf-dist/tex/latex/oberdiek/grfext.sty
Package: grfext 2016/05/16 v1.2 Manage graphics extensions (HO)
 (/usr/local/texlive/2019/texmf-dist/tex/generic/oberdiek/kvdefinekeys.sty
Package: kvdefinekeys 2016/05/16 v1.4 Define keys (HO)
 (/usr/local/texlive/2019/texmf-dist/tex/generic/oberdiek/ltxcmds.sty
Package: ltxcmds 2016/05/16 v1.23 LaTeX kernel commands for general use (HO)
))) (/usr/local/texlive/2019/texmf-dist/tex/latex/oberdiek/kvoptions.sty
Package: kvoptions 2016/05/16 v3.12 Key value format for package options (HO)
 (/usr/local/texlive/2019/texmf-dist/tex/generic/oberdiek/kvsetkeys.sty
Package: kvsetkeys 2016/05/16 v1.17 Key value parser (HO)
 (/usr/local/texlive/2019/texmf-dist/tex/generic/oberdiek/etexcmds.sty
Package: etexcmds 2016/05/16 v1.6 Avoid name clashes with e-TeX commands (HO)
 (/usr/local/texlive/2019/texmf-dist/tex/generic/oberdiek/ifluatex.sty
Package: ifluatex 2016/05/16 v1.4 Provides the ifluatex switch (HO)
Package ifluatex Info: LuaTeX not detected.
)))) (/usr/local/texlive/2019/texmf-dist/tex/generic/oberdiek/pdftexcmds.sty
Package: pdftexcmds 2018/09/10 v0.29 Utility functions of pdfTeX for LuaTeX (HO)
 (/usr/local/texlive/2019/texmf-dist/tex/generic/oberdiek/ifpdf.sty
Package: ifpdf 2018/09/07 v3.3 Provides the ifpdf switch
)
Package pdftexcmds Info: LuaTeX not detected.
Package pdftexcmds Info: \pdf@primitive is available.
Package pdftexcmds Info: \pdf@ifprimitive is available.
Package pdftexcmds Info: \pdfdraftmode found.
)
Package epstopdf-base Info: Redefining graphics rule for `.eps' on input line 438.
Package grfext Info: Graphics extension search list:
(grfext)             [.pdf,.png,.jpg,.mps,.jpeg,.jbig2,.jb2,.PDF,.PNG,.JPG,.JPEG,.JBIG2,.JB2,.eps]
(grfext)             \AppendGraphicsExtensions on input line 456.
 (/usr/local/texlive/2019/texmf-dist/tex/latex/latexconfig/epstopdf-sys.cfg
File: epstopdf-sys.cfg 2010/07/13 v1.3 Configuration of (r)epstopdf for TeX Live
))) (/usr/local/texlive/2019/texmf-dist/tex/latex/graphics/color.sty
Package: color 2016/07/10 v1.1e Standard LaTeX Color (DPC)
 (/usr/local/texlive/2019/texmf-dist/tex/latex/graphics-cfg/color.cfg
File: color.cfg 2016/01/02 v1.6 sample color configuration
)
Package color Info: Driver file: pdftex.def on input line 147.
) (/usr/local/texlive/2019/texmf-dist/tex/latex/url/url.sty
\Urlmuskip=\muskip11
Package: url 2013/09/16  ver 3.4  Verb mode for urls, etc.
) (/usr/local/texlive/2019/texmf-dist/tex/latex/subfigure/subfigure.sty
Package: subfigure 2002/03/15 v2.1.5 subfigure package
\subfigtopskip=\skip46
\subfigcapskip=\skip47
\subfigcaptopadj=\dimen115
\subfigbottomskip=\skip48
\subfigcapmargin=\dimen116
\subfiglabelskip=\skip49
\c@subfigure=\count102
\c@lofdepth=\count103
\c@subtable=\count104
\c@lotdepth=\count105

****************************************
* Local config file subfigure.cfg used *
****************************************
(/usr/local/texlive/2019/texmf-dist/tex/latex/subfigure/subfigure.cfg)
\subfig@top=\skip50
\subfig@bottom=\skip51
) (/usr/local/texlive/2019/texmf-dist/tex/latex/tools/multicol.sty
Package: multicol 2018/12/27 v1.8v multicolumn formatting (FMi)
\c@tracingmulticols=\count106
\mult@box=\box29
\multicol@leftmargin=\dimen117
\c@unbalance=\count107
\c@collectmore=\count108
\doublecol@number=\count109
\multicoltolerance=\count110
\multicolpretolerance=\count111
\full@width=\dimen118
\page@free=\dimen119
\premulticols=\dimen120
\postmulticols=\dimen121
\multicolsep=\skip52
\multicolbaselineskip=\skip53
\partial@page=\box30
\last@line=\box31
\maxbalancingoverflow=\dimen122
\mult@rightbox=\box32
\mult@grightbox=\box33
\mult@gfirstbox=\box34
\mult@firstbox=\box35
\@tempa=\box36
\@tempa=\box37
\@tempa=\box38
\@tempa=\box39
\@tempa=\box40
\@tempa=\box41
\@tempa=\box42
\@tempa=\box43
\@tempa=\box44
\@tempa=\box45
\@tempa=\box46
\@tempa=\box47
\@tempa=\box48
\@tempa=\box49
\@tempa=\box50
\@tempa=\box51
\@tempa=\box52
\c@columnbadness=\count112
\c@finalcolumnbadness=\count113
\last@try=\dimen123
\multicolovershoot=\dimen124
\multicolundershoot=\dimen125
\mult@nat@firstbox=\box53
\colbreak@box=\box54
\mc@col@check@num=\count114
) (/usr/local/texlive/2019/texmf-dist/tex/latex/changepage/changepage.sty
Package: changepage 2009/10/20 v1.0c check page and change page layout
\c@cp@cntr=\count115
\cp@tempcnt=\count116
) (/usr/local/texlive/2019/texmf-dist/tex/latex/float/float.sty
Package: float 2001/11/08 v1.3d Float enhancements (AL)
\c@float@type=\count117
\float@exts=\toks22
\float@box=\box55
\@float@everytoks=\toks23
\@floatcapt=\box56
) (/usr/local/texlive/2019/texmf-dist/tex/latex/tools/array.sty
Package: array 2018/12/30 v2.4k Tabular extension package (FMi)
\col@sep=\dimen126
\ar@mcellbox=\box57
\extrarowheight=\dimen127
\NC@list=\toks24
\extratabsurround=\skip54
\backup@length=\skip55
\ar@cellbox=\box58
) (/usr/local/texlive/2019/texmf-dist/tex/latex/tools/longtable.sty
Package: longtable 2014/10/28 v4.11 Multi-page Table package (DPC)+ FMi change
\LTleft=\skip56
\LTright=\skip57
\LTpre=\skip58
\LTpost=\skip59
\LTchunksize=\count118
\LTcapwidth=\dimen128
\LT@head=\box59
\LT@firsthead=\box60
\LT@foot=\box61
\LT@lastfoot=\box62
\LT@cols=\count119
\LT@rows=\count120
\c@LT@tables=\count121
\c@LT@chunks=\count122
\LT@p@ftn=\toks25
) (/usr/local/texlive/2019/texmf-dist/tex/latex/tools/bm.sty
Package: bm 2017/01/16 v1.2c Bold Symbol Support (DPC/FMi)
\symboldoperators=\mathgroup7
\symboldletters=\mathgroup8
\symboldsymbols=\mathgroup9
\symboldlasy=\mathgroup10
LaTeX Font Info:    Redeclaring math alphabet \mathbf on input line 141.
LaTeX Info: Redefining \bm on input line 207.
) (/usr/local/texlive/2019/texmf-dist/tex/latex/capt-of/capt-of.sty
Package: capt-of 2009/12/29 v0.2 standard captions outside of floats
) (/usr/local/texlive/2019/texmf-dist/tex/latex/sidecap/sidecap.sty
Package: sidecap 2003/06/06 v1.6f SideCap Package (RN/HjG)
 (/usr/local/texlive/2019/texmf-dist/tex/latex/base/ifthen.sty
Package: ifthen 2014/09/29 v1.1c Standard LaTeX ifthen package (DPC)
)
\SC@BOXWD=\dimen129
\SC@CAPWD=\dimen130
\SC@tempdima=\dimen131
\SC@tempdimb=\dimen132
\c@SC@C=\count123
\SC@BOX=\box63
) (/usr/local/texlive/2019/texmf-dist/tex/latex/caption/caption.sty
Package: caption 2018/10/06 v3.3-154 Customizing captions (AR)
 (/usr/local/texlive/2019/texmf-dist/tex/latex/caption/caption3.sty
Package: caption3 2018/09/12 v1.8c caption3 kernel (AR)
Package caption3 Info: TeX engine: e-TeX on input line 64.
\captionmargin=\dimen133
\captionmargin@=\dimen134
\captionwidth=\dimen135
\caption@tempdima=\dimen136
\caption@indent=\dimen137
\caption@parindent=\dimen138
\caption@hangindent=\dimen139
)
\c@caption@flags=\count124
\c@ContinuedFloat=\count125
Package caption Info: float package is loaded.
Package caption Info: longtable package is loaded.
 (/usr/local/texlive/2019/texmf-dist/tex/latex/caption/ltcaption.sty
Package: ltcaption 2018/08/26 v1.4-95 longtable captions (AR)
)
Package caption Info: sidecap package is loaded.
Package caption Info: subfigure package is loaded.
) (/usr/local/texlive/2019/texmf-dist/tex/latex/pdfpages/pdfpages.sty
Package: pdfpages 2017/10/31 v0.5l Insert pages of external PDF documents (AM)
 (/usr/local/texlive/2019/texmf-dist/tex/latex/tools/calc.sty
Package: calc 2017/05/25 v4.3 Infix arithmetic (KKT,FJ)
\calc@Acount=\count126
\calc@Bcount=\count127
\calc@Adimen=\dimen140
\calc@Bdimen=\dimen141
\calc@Askip=\skip60
\calc@Bskip=\skip61
LaTeX Info: Redefining \setlength on input line 80.
LaTeX Info: Redefining \addtolength on input line 81.
\calc@Ccount=\count128
\calc@Cskip=\skip62
) (/usr/local/texlive/2019/texmf-dist/tex/latex/eso-pic/eso-pic.sty
Package: eso-pic 2018/04/12 v2.0h eso-pic (RN)
 (/usr/local/texlive/2019/texmf-dist/tex/generic/oberdiek/atbegshi.sty
Package: atbegshi 2016/06/09 v1.18 At begin shipout hook (HO)
))
\AM@pagewidth=\dimen142
\AM@pageheight=\dimen143
 (/usr/local/texlive/2019/texmf-dist/tex/latex/pdfpages/pppdftex.def
File: pppdftex.def 2017/10/31 v0.5l Pdfpages driver for pdfTeX (AM)
)
\AM@pagebox=\box64
\AM@global@opts=\toks26
\AM@toc@title=\toks27
\c@AM@survey=\count129
\AM@templatesizebox=\box65
) (/usr/local/texlive/2019/texmf-dist/tex/latex/commath/commath.sty) (/usr/local/texlive/2019/texmf-dist/tex/latex/fontawesome/fontawesome.sty
Package: fontawesome 2016/05/15 v4.6.3.1 font awesome icons
 (/usr/local/texlive/2019/texmf-dist/tex/generic/ifxetex/ifxetex.sty
Package: ifxetex 2010/09/12 v0.6 Provides ifxetex conditional
) (/usr/local/texlive/2019/texmf-dist/tex/latex/fontawesome/fontawesomesymbols-generic.tex) (/usr/local/texlive/2019/texmf-dist/tex/latex/fontawesome/fontawesomesymbols-pdftex.tex)) (/usr/local/texlive/2019/texmf-dist/tex/latex/jknapltx/mathrsfs.sty
Package: mathrsfs 1996/01/01 Math RSFS package v1.0 (jk)
\symrsfs=\mathgroup11
) (/usr/local/texlive/2019/texmf-dist/tex/latex/xcolor/xcolor.sty
Package: xcolor 2016/05/11 v2.12 LaTeX color extensions (UK)
 (/usr/local/texlive/2019/texmf-dist/tex/latex/graphics-cfg/color.cfg
File: color.cfg 2016/01/02 v1.6 sample color configuration
)
Package xcolor Info: Driver file: pdftex.def on input line 225.
LaTeX Info: Redefining \color on input line 709.
Package xcolor Info: Model `cmy' substituted by `cmy0' on input line 1348.
Package xcolor Info: Model `hsb' substituted by `rgb' on input line 1352.
Package xcolor Info: Model `RGB' extended on input line 1364.
Package xcolor Info: Model `HTML' substituted by `rgb' on input line 1366.
Package xcolor Info: Model `Hsb' substituted by `hsb' on input line 1367.
Package xcolor Info: Model `tHsb' substituted by `hsb' on input line 1368.
Package xcolor Info: Model `HSB' substituted by `hsb' on input line 1369.
Package xcolor Info: Model `Gray' substituted by `gray' on input line 1370.
Package xcolor Info: Model `wave' substituted by `hsb' on input line 1371.
) (/usr/local/texlive/2019/texmf-dist/tex/latex/cancel/cancel.sty
Package: cancel 2013/04/12 v2.2 Cancel math terms
) (/usr/local/texlive/2019/texmf-dist/tex/latex/booktabs/booktabs.sty
Package: booktabs 2016/04/27 v1.618033 publication quality tables
\heavyrulewidth=\dimen144
\lightrulewidth=\dimen145
\cmidrulewidth=\dimen146
\belowrulesep=\dimen147
\belowbottomsep=\dimen148
\aboverulesep=\dimen149
\abovetopsep=\dimen150
\cmidrulesep=\dimen151
\cmidrulekern=\dimen152
\defaultaddspace=\dimen153
\@cmidla=\count130
\@cmidlb=\count131
\@aboverulesep=\dimen154
\@belowrulesep=\dimen155
\@thisruleclass=\count132
\@lastruleclass=\count133
\@thisrulewidth=\dimen156
) (/usr/local/texlive/2019/texmf-dist/tex/latex/anysize/anysize.sty
Package: anysize 1994/08/13 setting margin sizes

document style option `anysize' loaded
Michael Salzenberg, Thomas Esser, Dirk Hillbrecht
Version 1.0, Aug 13, 1994
\@Leftmargin=\dimen157
\@Rightmargin=\dimen158
\@Topmargin=\dimen159
\@Bottommargin=\dimen160
) (/usr/local/texlive/2019/texmf-dist/tex/latex/anyfontsize/anyfontsize.sty
Package: anyfontsize 2007/11/22 anyfontsize.sty by pts
) (/usr/local/texlive/2019/texmf-dist/tex/latex/appendix/appendix.sty
Package: appendix 2009/09/02 v1.2b extra appendix facilities
\c@@pps=\count134
\c@@ppsavesec=\count135
\c@@ppsaveapp=\count136
) (/usr/local/texlive/2019/texmf-dist/tex/latex/tocbibind/tocbibind.sty
Package: tocbibind 2010/10/13 v1.5k extra ToC listings
Package tocbibind Info: The document has section divisions on input line 50.


Package tocbibind Note: Using section or other style headings.

) (/usr/local/texlive/2019/texmf-dist/tex/latex/hyperref/hyperref.sty
Package: hyperref 2018/11/30 v6.88e Hypertext links for LaTeX
 (/usr/local/texlive/2019/texmf-dist/tex/generic/oberdiek/hobsub-hyperref.sty
Package: hobsub-hyperref 2016/05/16 v1.14 Bundle oberdiek, subset hyperref (HO)
 (/usr/local/texlive/2019/texmf-dist/tex/generic/oberdiek/hobsub-generic.sty
Package: hobsub-generic 2016/05/16 v1.14 Bundle oberdiek, subset generic (HO)
Package: hobsub 2016/05/16 v1.14 Construct package bundles (HO)
Package hobsub Info: Skipping package `infwarerr' (already loaded).
Package hobsub Info: Skipping package `ltxcmds' (already loaded).
Package hobsub Info: Skipping package `ifluatex' (already loaded).
Package: ifvtex 2016/05/16 v1.6 Detect VTeX and its facilities (HO)
Package ifvtex Info: VTeX not detected.
Package: intcalc 2016/05/16 v1.2 Expandable calculations with integers (HO)
Package hobsub Info: Skipping package `ifpdf' (already loaded).
Package hobsub Info: Skipping package `etexcmds' (already loaded).
Package hobsub Info: Skipping package `kvsetkeys' (already loaded).
Package hobsub Info: Skipping package `kvdefinekeys' (already loaded).
Package hobsub Info: Skipping package `pdftexcmds' (already loaded).
Package: pdfescape 2016/05/16 v1.14 Implements pdfTeX's escape features (HO)
Package: bigintcalc 2016/05/16 v1.4 Expandable calculations on big integers (HO)
Package: bitset 2016/05/16 v1.2 Handle bit-vector datatype (HO)
Package: uniquecounter 2016/05/16 v1.3 Provide unlimited unique counter (HO)
)
Package hobsub Info: Skipping package `hobsub' (already loaded).
Package: letltxmacro 2016/05/16 v1.5 Let assignment for LaTeX macros (HO)
Package: hopatch 2016/05/16 v1.3 Wrapper for package hooks (HO)
Package: xcolor-patch 2016/05/16 xcolor patch
Package: atveryend 2016/05/16 v1.9 Hooks at the very end of document (HO)
Package atveryend Info: \enddocument detected (standard20110627).
Package hobsub Info: Skipping package `atbegshi' (already loaded).
Package: refcount 2016/05/16 v3.5 Data extraction from label references (HO)
Package: hycolor 2016/05/16 v1.8 Color options for hyperref/bookmark (HO)
) (/usr/local/texlive/2019/texmf-dist/tex/latex/oberdiek/auxhook.sty
Package: auxhook 2016/05/16 v1.4 Hooks for auxiliary files (HO)
)
\@linkdim=\dimen161
\Hy@linkcounter=\count137
\Hy@pagecounter=\count138
 (/usr/local/texlive/2019/texmf-dist/tex/latex/hyperref/pd1enc.def
File: pd1enc.def 2018/11/30 v6.88e Hyperref: PDFDocEncoding definition (HO)
Now handling font encoding PD1 ...
... no UTF-8 mapping file for font encoding PD1
)
\Hy@SavedSpaceFactor=\count139
 (/usr/local/texlive/2019/texmf-dist/tex/latex/latexconfig/hyperref.cfg
File: hyperref.cfg 2002/06/06 v1.2 hyperref configuration of TeXLive
)
Package hyperref Info: Option `colorlinks' set `true' on input line 4393.
Package hyperref Info: Option `plainpages' set `true' on input line 4393.
Package hyperref Info: Hyper figures OFF on input line 4519.
Package hyperref Info: Link nesting OFF on input line 4524.
Package hyperref Info: Hyper index ON on input line 4527.
Package hyperref Info: Plain pages ON on input line 4532.
Package hyperref Info: Backreferencing OFF on input line 4539.
Package hyperref Info: Implicit mode ON; LaTeX internals redefined.
Package hyperref Info: Bookmarks ON on input line 4772.
\c@Hy@tempcnt=\count140
LaTeX Info: Redefining \url on input line 5125.
\XeTeXLinkMargin=\dimen162
\Fld@menulength=\count141
\Field@Width=\dimen163
\Fld@charsize=\dimen164
Package hyperref Info: Hyper figures OFF on input line 6380.
Package hyperref Info: Link nesting OFF on input line 6385.
Package hyperref Info: Hyper index ON on input line 6388.
Package hyperref Info: backreferencing OFF on input line 6395.
Package hyperref Info: Link coloring ON on input line 6398.
Package hyperref Info: Link coloring with OCG OFF on input line 6405.
Package hyperref Info: PDF/A mode OFF on input line 6410.
LaTeX Info: Redefining \ref on input line 6450.
LaTeX Info: Redefining \pageref on input line 6454.
\Hy@abspage=\count142
\c@Item=\count143
\c@Hfootnote=\count144
)
Package hyperref Info: Driver (autodetected): hpdftex.
 (/usr/local/texlive/2019/texmf-dist/tex/latex/hyperref/hpdftex.def
File: hpdftex.def 2018/11/30 v6.88e Hyperref driver for pdfTeX
\Fld@listcount=\count145
\c@bookmark@seq@number=\count146
 (/usr/local/texlive/2019/texmf-dist/tex/latex/oberdiek/rerunfilecheck.sty
Package: rerunfilecheck 2016/05/16 v1.8 Rerun checks for auxiliary files (HO)
Package uniquecounter Info: New unique counter `rerunfilecheck' on input line 282.
)
\Hy@SectionHShift=\skip63
) (/usr/local/texlive/2019/texmf-dist/tex/latex/fancyhdr/fancyhdr.sty
Package: fancyhdr 2019/01/31 v3.10 Extensive control of page headers and footers
\f@nch@headwidth=\skip64
\f@nch@O@elh=\skip65
\f@nch@O@erh=\skip66
\f@nch@O@olh=\skip67
\f@nch@O@orh=\skip68
\f@nch@O@elf=\skip69
\f@nch@O@erf=\skip70
\f@nch@O@olf=\skip71
\f@nch@O@orf=\skip72
) (/usr/local/texlive/2019/texmf-dist/tex/latex/listings/listings.sty
\lst@mode=\count147
\lst@gtempboxa=\box66
\lst@token=\toks28
\lst@length=\count148
\lst@currlwidth=\dimen165
\lst@column=\count149
\lst@pos=\count150
\lst@lostspace=\dimen166
\lst@width=\dimen167
\lst@newlines=\count151
\lst@lineno=\count152
\lst@maxwidth=\dimen168
 (/usr/local/texlive/2019/texmf-dist/tex/latex/listings/lstmisc.sty
File: lstmisc.sty 2019/02/27 1.8b (Carsten Heinz)
\c@lstnumber=\count153
\lst@skipnumbers=\count154
\lst@framebox=\box67
) (/usr/local/texlive/2019/texmf-dist/tex/latex/listings/listings.cfg
File: listings.cfg 2019/02/27 1.8b listings configuration
))
Package: listings 2019/02/27 1.8b (Carsten Heinz)
 (/usr/local/texlive/2019/texmf-dist/tex/latex/listings/lstlang1.sty
File: lstlang1.sty 2019/02/27 1.8b listings language file
) (/Users/ramith/Documents/170221T/Semester 4/EN2570 - Digital Signal Processing/Filter Design Project /BandStop-FIR-Filter-Design/FIR_Report/main.aux

LaTeX Warning: Label `fig:Bandstop' multiply defined.


LaTeX Warning: Label `fig:kaiser' multiply defined.

)
\openout1 = `main.aux'.

LaTeX Font Info:    Checking defaults for OML/cmm/m/it on input line 83.
LaTeX Font Info:    ... okay on input line 83.
LaTeX Font Info:    Checking defaults for T1/cmr/m/n on input line 83.
LaTeX Font Info:    ... okay on input line 83.
LaTeX Font Info:    Checking defaults for OT1/cmr/m/n on input line 83.
LaTeX Font Info:    ... okay on input line 83.
LaTeX Font Info:    Checking defaults for OMS/cmsy/m/n on input line 83.
LaTeX Font Info:    ... okay on input line 83.
LaTeX Font Info:    Checking defaults for OMX/cmex/m/n on input line 83.
LaTeX Font Info:    ... okay on input line 83.
LaTeX Font Info:    Checking defaults for U/cmr/m/n on input line 83.
LaTeX Font Info:    ... okay on input line 83.
LaTeX Font Info:    Checking defaults for PD1/pdf/m/n on input line 83.
LaTeX Font Info:    ... okay on input line 83.
 (/usr/local/texlive/2019/texmf-dist/tex/context/base/mkii/supp-pdf.mkii
[Loading MPS to PDF converter (version 2006.09.02).]
\scratchcounter=\count155
\scratchdimen=\dimen169
\scratchbox=\box68
\nofMPsegments=\count156
\nofMParguments=\count157
\everyMPshowfont=\toks29
\MPscratchCnt=\count158
\MPscratchDim=\dimen170
\MPnumerator=\count159
\makeMPintoPDFobject=\count160
\everyMPtoPDFconversion=\toks30
) (/usr/local/texlive/2019/texmf-dist/tex/latex/ms/ragged2e.sty
Package: ragged2e 2009/05/21 v2.1 ragged2e Package (MS)
 (/usr/local/texlive/2019/texmf-dist/tex/latex/ms/everysel.sty
Package: everysel 2011/10/28 v1.2 EverySelectfont Package (MS)
 ABD: EverySelectfont initializing macros
LaTeX Info: Redefining \selectfont on input line 126.
)
\CenteringLeftskip=\skip73
\RaggedLeftLeftskip=\skip74
\RaggedRightLeftskip=\skip75
\CenteringRightskip=\skip76
\RaggedLeftRightskip=\skip77
\RaggedRightRightskip=\skip78
\CenteringParfillskip=\skip79
\RaggedLeftParfillskip=\skip80
\RaggedRightParfillskip=\skip81
\JustifyingParfillskip=\skip82
\CenteringParindent=\skip83
\RaggedLeftParindent=\skip84
\RaggedRightParindent=\skip85
\JustifyingParindent=\skip86
)
Package caption Info: Begin \AtBeginDocument code.
Package caption Info: hyperref package is loaded.
Package caption Info: listings package is loaded.
Package caption Info: End \AtBeginDocument code.
\AtBeginShipoutBox=\box69
 (/usr/local/texlive/2019/texmf-dist/tex/latex/oberdiek/pdflscape.sty
Package: pdflscape 2016/05/14 v0.11 Display of landscape pages in PDF (HO)
 (/usr/local/texlive/2019/texmf-dist/tex/latex/graphics/lscape.sty
Package: lscape 2000/10/22 v3.01 Landscape Pages (DPC)
)
Package pdflscape Info: Auto-detected driver: pdftex on input line 81.
)
Package hyperref Info: Link coloring ON on input line 83.
 (/usr/local/texlive/2019/texmf-dist/tex/latex/hyperref/nameref.sty
Package: nameref 2016/05/21 v2.44 Cross-referencing by name of section
 (/usr/local/texlive/2019/texmf-dist/tex/generic/oberdiek/gettitlestring.sty
Package: gettitlestring 2016/05/16 v1.5 Cleanup title references (HO)
)
\c@section@level=\count161
)
LaTeX Info: Redefining \ref on input line 83.
LaTeX Info: Redefining \pageref on input line 83.
LaTeX Info: Redefining \nameref on input line 83.
 (/Users/ramith/Documents/170221T/Semester 4/EN2570 - Digital Signal Processing/Filter Design Project /BandStop-FIR-Filter-Design/FIR_Report/main.out) (/Users/ramith/Documents/170221T/Semester 4/EN2570 - Digital Signal Processing/Filter Design Project /BandStop-FIR-Filter-Design/FIR_Report/main.out)
\@outlinefile=\write3
\openout3 = `main.out'.

\c@lstlisting=\count162
<logo.png, id=124, 307.1475pt x 326.21875pt>
File: logo.png Graphic file (type png)
<use logo.png>
Package pdftex.def Info: logo.png  used on input line 93.
(pdftex.def)             Requested size: 92.14496pt x 97.86636pt.
LaTeX Font Info:    Try loading font information for U+msa on input line 107.
 (/usr/local/texlive/2019/texmf-dist/tex/latex/amsfonts/umsa.fd
File: umsa.fd 2013/01/14 v3.01 AMS symbols A
)
LaTeX Font Info:    Try loading font information for U+msb on input line 107.
 (/usr/local/texlive/2019/texmf-dist/tex/latex/amsfonts/umsb.fd
File: umsb.fd 2013/01/14 v3.01 AMS symbols B
)
LaTeX Font Info:    Try loading font information for U+lasy on input line 107.
 (/usr/local/texlive/2019/texmf-dist/tex/latex/base/ulasy.fd
File: ulasy.fd 1998/08/17 v2.2e LaTeX symbol font definitions
)
LaTeX Font Info:    Font shape `U/lasy/b/n' in size <8> not available
(Font)              Font shape `U/lasy/m/n' tried instead on input line 107.
LaTeX Font Info:    Font shape `U/lasy/b/n' in size <6> not available
(Font)              Font shape `U/lasy/m/n' tried instead on input line 107.
LaTeX Font Info:    Try loading font information for U+rsfs on input line 107.
 (/usr/local/texlive/2019/texmf-dist/tex/latex/jknapltx/ursfs.fd
File: ursfs.fd 1998/03/24 rsfs font definition file (jk)
) (/Users/ramith/Documents/170221T/Semester 4/EN2570 - Digital Signal Processing/Filter Design Project /BandStop-FIR-Filter-Design/FIR_Report/main.toc [1{/usr/local/texlive/2019/texmf-var/fonts/map/pdftex/updmap/pdftex.map}

 </Users/ramith/Documents/170221T/Semester 4/EN2570 - Digital Signal Processing/Filter Design Project /BandStop-FIR-Filter-Design/FIR_Report/logo.png>])
\tf@toc=\write4
\openout4 = `main.toc'.

 (/Users/ramith/Documents/170221T/Semester 4/EN2570 - Digital Signal Processing/Filter Design Project /BandStop-FIR-Filter-Design/FIR_Report/main.lof [2])
\tf@lof=\write5
\openout5 = `main.lof'.

 (/Users/ramith/Documents/170221T/Semester 4/EN2570 - Digital Signal Processing/Filter Design Project /BandStop-FIR-Filter-Design/FIR_Report/main.lot)
\tf@lot=\write6
\openout6 = `main.lot'.

 [3]
Underfull \hbox (badness 10000) in paragraph at lines 167--168

 []

LaTeX Font Info:    Try loading font information for U+fontawesometwo on input line 180.
(/usr/local/texlive/2019/texmf-dist/tex/latex/fontawesome/ufontawesometwo.fd
File: ufontawesometwo.fd 2016/05/22 Font definitions for U/fontawesometwo.
)
Underfull \hbox (badness 10000) in paragraph at lines 177--181

 []

[4]
LaTeX Font Info:    Try loading font information for OMS+cmr on input line 226.
 (/usr/local/texlive/2019/texmf-dist/tex/latex/base/omscmr.fd
File: omscmr.fd 2014/09/29 v2.5h Standard LaTeX font definitions
)
LaTeX Font Info:    Font shape `OMS/cmr/m/n' in size <10.95> not available
(Font)              Font shape `OMS/cmsy/m/n' tried instead on input line 226.
<windows.pdf, id=234, 317.02611pt x 183.19702pt>
File: windows.pdf Graphic file (type pdf)
<use windows.pdf>
Package pdftex.def Info: windows.pdf  used on input line 236.
(pdftex.def)             Requested size: 241.84843pt x 139.7567pt.
<windows-res.pdf, id=237, 408.77075pt x 249.73601pt>
File: windows-res.pdf Graphic file (type pdf)
<use windows-res.pdf>
Package pdftex.def Info: windows-res.pdf  used on input line 242.
(pdftex.def)             Requested size: 241.84843pt x 147.7545pt.
<window-char.pdf, id=241, 315.13293pt x 288.39485pt>
File: window-char.pdf Graphic file (type pdf)
<use window-char.pdf>
Package pdftex.def Info: window-char.pdf  used on input line 258.
(pdftex.def)             Requested size: 299.37457pt x 273.97354pt.
 [5 </Users/ramith/Documents/170221T/Semester 4/EN2570 - Digital Signal Processing/Filter Design Project /BandStop-FIR-Filter-Design/FIR_Report/windows.pdf> </Users/ramith/Documents/170221T/Semester 4/EN2570 - Digital Signal Processing/Filter Design Project /BandStop-FIR-Filter-Design/FIR_Report/windows-res.pdf>]
Underfull \hbox (badness 10000) in paragraph at lines 278--279

 []


Underfull \hbox (badness 10000) in paragraph at lines 279--280

 []

[6 </Users/ramith/Documents/170221T/Semester 4/EN2570 - Digital Signal Processing/Filter Design Project /BandStop-FIR-Filter-Design/FIR_Report/window-char.pdf>]
<HW.pdf, id=425, 361.35pt x 222.8325pt>
File: HW.pdf Graphic file (type pdf)
<use HW.pdf>
Package pdftex.def Info: HW.pdf  used on input line 310.
(pdftex.def)             Requested size: 289.0804pt x 178.26624pt.

Underfull \hbox (badness 10000) in paragraph at lines 318--319

 []


Underfull \hbox (badness 10000) in paragraph at lines 325--327

 []


Underfull \hbox (badness 10000) in paragraph at lines 329--331

 []


Underfull \hbox (badness 10000) in paragraph at lines 336--337

 []

<bandstop.pdf, id=426, 303.77829pt x 197.63937pt>
File: bandstop.pdf Graphic file (type pdf)
<use bandstop.pdf>
Package pdftex.def Info: bandstop.pdf  used on input line 340.
(pdftex.def)             Requested size: 273.39792pt x 177.87378pt.
[7

 </Users/ramith/Documents/170221T/Semester 4/EN2570 - Digital Signal Processing/Filter Design Project /BandStop-FIR-Filter-Design/FIR_Report/HW.pdf>]

Package hyperref Warning: Token not allowed in a PDF string (PDFDocEncoding):
(hyperref)                removing `math shift' on input line 367.


Package hyperref Warning: Token not allowed in a PDF string (PDFDocEncoding):
(hyperref)                removing `\delta' on input line 367.


Package hyperref Warning: Token not allowed in a PDF string (PDFDocEncoding):
(hyperref)                removing `math shift' on input line 367.

[8 </Users/ramith/Documents/170221T/Semester 4/EN2570 - Digital Signal Processing/Filter Design Project /BandStop-FIR-Filter-Design/FIR_Report/bandstop.pdf>]

Package hyperref Warning: Token not allowed in a PDF string (PDFDocEncoding):
(hyperref)                removing `math shift' on input line 386.


Package hyperref Warning: Token not allowed in a PDF string (PDFDocEncoding):
(hyperref)                removing `subscript' on input line 386.


Package hyperref Warning: Token not allowed in a PDF string (PDFDocEncoding):
(hyperref)                removing `math shift' on input line 386.


Package hyperref Warning: Token not allowed in a PDF string (PDFDocEncoding):
(hyperref)                removing `math shift' on input line 386.


Package hyperref Warning: Token not allowed in a PDF string (PDFDocEncoding):
(hyperref)                removing `subscript' on input line 386.


Package hyperref Warning: Token not allowed in a PDF string (PDFDocEncoding):
(hyperref)                removing `math shift' on input line 386.


Package hyperref Warning: Token not allowed in a PDF string (PDFDocEncoding):
(hyperref)                removing `math shift' on input line 391.


Package hyperref Warning: Token not allowed in a PDF string (PDFDocEncoding):
(hyperref)                removing `\alpha' on input line 391.


Package hyperref Warning: Token not allowed in a PDF string (PDFDocEncoding):
(hyperref)                removing `math shift' on input line 391.


Underfull \hbox (badness 10000) in paragraph at lines 398--399

 []


Package hyperref Warning: Token not allowed in a PDF string (PDFDocEncoding):
(hyperref)                removing `math shift' on input line 403.


Package hyperref Warning: Token not allowed in a PDF string (PDFDocEncoding):
(hyperref)                removing `math shift' on input line 403.


Package hyperref Warning: Token not allowed in a PDF string (PDFDocEncoding):
(hyperref)                removing `math shift' on input line 403.


Package hyperref Warning: Token not allowed in a PDF string (PDFDocEncoding):
(hyperref)                removing `math shift' on input line 403.


Underfull \hbox (badness 10000) in paragraph at lines 410--415

 []


LaTeX Warning: `h' float specifier changed to `ht'.


Package hyperref Warning: Token not allowed in a PDF string (PDFDocEncoding):
(hyperref)                removing `math shift' on input line 443.


Package hyperref Warning: Token not allowed in a PDF string (PDFDocEncoding):
(hyperref)                removing `subscript' on input line 443.


Package hyperref Warning: Token not allowed in a PDF string (PDFDocEncoding):
(hyperref)                removing `math shift' on input line 443.

[9]
Package epstopdf Info: Source file: <kaiser.eps>
(epstopdf)                    date: 2019-12-29 18:50:19
(epstopdf)                    size: 29112 bytes
(epstopdf)             Output file: <kaiser-eps-converted-to.pdf>
(epstopdf)                    date: 2019-12-29 18:52:21
(epstopdf)                    size: 18152 bytes
(epstopdf)             Command: <repstopdf --outfile=kaiser-eps-converted-to.pdf kaiser.eps>
(epstopdf)             \includegraphics on input line 456.
Package epstopdf Info: Output file is already uptodate.
<kaiser-eps-converted-to.pdf, id=501, 471.7625pt x 385.44pt>
File: kaiser-eps-converted-to.pdf Graphic file (type pdf)
<use kaiser-eps-converted-to.pdf>
Package pdftex.def Info: kaiser-eps-converted-to.pdf  used on input line 456.
(pdftex.def)             Requested size: 330.23149pt x 269.80615pt.
Package epstopdf Info: Source file: <cir.eps>
(epstopdf)                    date: 2019-12-29 20:27:24
(epstopdf)                    size: 29253 bytes
(epstopdf)             Output file: <cir-eps-converted-to.pdf>
(epstopdf)                    date: 2019-12-29 20:55:49
(epstopdf)                    size: 18495 bytes
(epstopdf)             Command: <repstopdf --outfile=cir-eps-converted-to.pdf cir.eps>
(epstopdf)             \includegraphics on input line 464.
Package epstopdf Info: Output file is already uptodate.
<cir-eps-converted-to.pdf, id=502, 479.7925pt x 385.44pt>
File: cir-eps-converted-to.pdf Graphic file (type pdf)
<use cir-eps-converted-to.pdf>
Package pdftex.def Info: cir-eps-converted-to.pdf  used on input line 464.
(pdftex.def)             Requested size: 335.85245pt x 269.80615pt.
 [10 </Users/ramith/Documents/170221T/Semester 4/EN2570 - Digital Signal Processing/Filter Design Project /BandStop-FIR-Filter-Design/FIR_Report/kaiser-eps-converted-to.pdf>]
Package epstopdf Info: Source file: <mag.eps>
(epstopdf)                    date: 2019-12-29 20:27:25
(epstopdf)                    size: 23856 bytes
(epstopdf)             Output file: <mag-eps-converted-to.pdf>
(epstopdf)                    date: 2019-12-29 20:58:56
(epstopdf)                    size: 12016 bytes
(epstopdf)             Command: <repstopdf --outfile=mag-eps-converted-to.pdf mag.eps>
(epstopdf)             \includegraphics on input line 472.
Package epstopdf Info: Output file is already uptodate.
<mag-eps-converted-to.pdf, id=517, 487.8225pt x 387.4475pt>
File: mag-eps-converted-to.pdf Graphic file (type pdf)
<use mag-eps-converted-to.pdf>
Package pdftex.def Info: mag-eps-converted-to.pdf  used on input line 472.
(pdftex.def)             Requested size: 341.47342pt x 271.2114pt.
 [11 </Users/ramith/Documents/170221T/Semester 4/EN2570 - Digital Signal Processing/Filter Design Project /BandStop-FIR-Filter-Design/FIR_Report/cir-eps-converted-to.pdf> </Users/ramith/Documents/170221T/Semester 4/EN2570 - Digital Signal Processing/Filter Design Project /BandStop-FIR-Filter-Design/FIR_Report/mag-eps-converted-to.pdf>]
Package epstopdf Info: Source file: <upassband.eps>
(epstopdf)                    date: 2019-12-29 20:27:26
(epstopdf)                    size: 18472 bytes
(epstopdf)             Output file: <upassband-eps-converted-to.pdf>
(epstopdf)                    date: 2019-12-29 21:01:12
(epstopdf)                    size: 9868 bytes
(epstopdf)             Command: <repstopdf --outfile=upassband-eps-converted-to.pdf upassband.eps>
(epstopdf)             \includegraphics on input line 482.
Package epstopdf Info: Output file is already uptodate.
<upassband-eps-converted-to.pdf, id=540, 486.81876pt x 387.4475pt>
File: upassband-eps-converted-to.pdf Graphic file (type pdf)
<use upassband-eps-converted-to.pdf>
Package pdftex.def Info: upassband-eps-converted-to.pdf  used on input line 482.
(pdftex.def)             Requested size: 338.58632pt x 269.47328pt.
Package epstopdf Info: Source file: <lpassband.eps>
(epstopdf)                    date: 2019-12-29 20:27:26
(epstopdf)                    size: 19198 bytes
(epstopdf)             Output file: <lpassband-eps-converted-to.pdf>
(epstopdf)                    date: 2019-12-29 21:00:38
(epstopdf)                    size: 9999 bytes
(epstopdf)             Command: <repstopdf --outfile=lpassband-eps-converted-to.pdf lpassband.eps>
(epstopdf)             \includegraphics on input line 489.
Package epstopdf Info: Output file is already uptodate.
<lpassband-eps-converted-to.pdf, id=541, 489.83pt x 387.4475pt>
File: lpassband-eps-converted-to.pdf Graphic file (type pdf)
<use lpassband-eps-converted-to.pdf>
Package pdftex.def Info: lpassband-eps-converted-to.pdf  used on input line 489.
(pdftex.def)             Requested size: 338.58632pt x 267.82384pt.
<input.pdf, id=542, 929.4725pt x 255.95625pt>
File: input.pdf Graphic file (type pdf)
<use input.pdf>
Package pdftex.def Info: input.pdf  used on input line 502.
(pdftex.def)             Requested size: 539.09444pt x 148.45471pt.

Overfull \hbox (55.39757pt too wide) in paragraph at lines 502--503
 [][] 
 []

[12 </Users/ramith/Documents/170221T/Semester 4/EN2570 - Digital Signal Processing/Filter Design Project /BandStop-FIR-Filter-Design/FIR_Report/upassband-eps-converted-to.pdf> </Users/ramith/Documents/170221T/Semester 4/EN2570 - Digital Signal Processing/Filter Design Project /BandStop-FIR-Filter-Design/FIR_Report/lpassband-eps-converted-to.pdf>]
Package epstopdf Info: Source file: <Xw.eps>
(epstopdf)                    date: 2019-12-30 01:02:13
(epstopdf)                    size: 19788 bytes
(epstopdf)             Output file: <Xw-eps-converted-to.pdf>
(epstopdf)                    date: 2019-12-30 01:02:46
(epstopdf)                    size: 10729 bytes
(epstopdf)             Command: <repstopdf --outfile=Xw-eps-converted-to.pdf Xw.eps>
(epstopdf)             \includegraphics on input line 512.
Package epstopdf Info: Output file is already uptodate.
<Xw-eps-converted-to.pdf, id=563, 480.79625pt x 388.45125pt>
File: Xw-eps-converted-to.pdf Graphic file (type pdf)
<use Xw-eps-converted-to.pdf>
Package pdftex.def Info: Xw-eps-converted-to.pdf  used on input line 512.
(pdftex.def)             Requested size: 336.55507pt x 271.914pt.
 [13 </Users/ramith/Documents/170221T/Semester 4/EN2570 - Digital Signal Processing/Filter Design Project /BandStop-FIR-Filter-Design/FIR_Report/input.pdf> </Users/ramith/Documents/170221T/Semester 4/EN2570 - Digital Signal Processing/Filter Design Project /BandStop-FIR-Filter-Design/FIR_Report/Xw-eps-converted-to.pdf>]
<filtered.pdf, id=581, 884.30376pt x 316.18124pt>
File: filtered.pdf Graphic file (type pdf)
<use filtered.pdf>
Package pdftex.def Info: filtered.pdf  used on input line 520.
(pdftex.def)             Requested size: 530.58635pt x 189.7102pt.

Overfull \hbox (46.88948pt too wide) in paragraph at lines 520--521
 [][] 
 []

<filtered_mag.pdf, id=582, 479.7925pt x 388.45125pt>
File: filtered_mag.pdf Graphic file (type pdf)
<use filtered_mag.pdf>
Package pdftex.def Info: filtered_mag.pdf  used on input line 528.
(pdftex.def)             Requested size: 335.85245pt x 271.914pt.
Package epstopdf Info: Source file: <efs.eps>
(epstopdf)                    date: 2019-12-30 01:36:47
(epstopdf)                    size: 19810 bytes
(epstopdf)             Output file: <efs-eps-converted-to.pdf>
(epstopdf)                    date: 2019-12-30 01:37:06
(epstopdf)                    size: 10858 bytes
(epstopdf)             Command: <repstopdf --outfile=efs-eps-converted-to.pdf efs.eps>
(epstopdf)             \includegraphics on input line 537.
Package epstopdf Info: Output file is already uptodate.
<efs-eps-converted-to.pdf, id=583, 480.79625pt x 388.45125pt>
File: efs-eps-converted-to.pdf Graphic file (type pdf)
<use efs-eps-converted-to.pdf>
Package pdftex.def Info: efs-eps-converted-to.pdf  used on input line 537.
(pdftex.def)             Requested size: 336.55507pt x 271.914pt.
[14 </Users/ramith/Documents/170221T/Semester 4/EN2570 - Digital Signal Processing/Filter Design Project /BandStop-FIR-Filter-Design/FIR_Report/filtered.pdf> </Users/ramith/Documents/170221T/Semester 4/EN2570 - Digital Signal Processing/Filter Design Project /BandStop-FIR-Filter-Design/FIR_Report/filtered_mag.pdf>]
Underfull \hbox (badness 10000) in paragraph at lines 545--550

 []


Underfull \hbox (badness 10000) in paragraph at lines 545--550

 []

[15 </Users/ramith/Documents/170221T/Semester 4/EN2570 - Digital Signal Processing/Filter Design Project /BandStop-FIR-Filter-Design/FIR_Report/efs-eps-converted-to.pdf>] (/Users/ramith/Documents/170221T/Semester 4/EN2570 - Digital Signal Processing/Filter Design Project /BandStop-FIR-Filter-Design/FIR_Report/main.bbl)
<temp_.pdf, id=631, 614.295pt x 794.97pt>
File: temp_.pdf Graphic file (type pdf)
<use temp_.pdf>
Package pdftex.def Info: temp_.pdf  used on input line 558.
(pdftex.def)             Requested size: 614.29349pt x 794.96806pt.
File: temp_.pdf Graphic file (type pdf)
<use temp_.pdf>
Package pdftex.def Info: temp_.pdf  used on input line 558.
(pdftex.def)             Requested size: 614.29349pt x 794.96806pt.
<temp_.pdf, id=634, page=1, 614.295pt x 794.97pt>
File: temp_.pdf Graphic file (type pdf)
<use temp_.pdf, page 1>
Package pdftex.def Info: temp_.pdf , page1 used on input line 558.
(pdftex.def)             Requested size: 483.69687pt x 625.9694pt.
File: temp_.pdf Graphic file (type pdf)
<use temp_.pdf, page 1>
Package pdftex.def Info: temp_.pdf , page1 used on input line 558.
(pdftex.def)             Requested size: 759.9276pt x 983.43575pt.
 [16]
File: temp_.pdf Graphic file (type pdf)
<use temp_.pdf, page 1>
Package pdftex.def Info: temp_.pdf , page1 used on input line 558.
(pdftex.def)             Requested size: 759.9276pt x 983.43575pt.
File: temp_.pdf Graphic file (type pdf)
<use temp_.pdf, page 1>
Package pdftex.def Info: temp_.pdf , page1 used on input line 558.
(pdftex.def)             Requested size: 759.9276pt x 983.43575pt.
File: temp_.pdf Graphic file (type pdf)
<use temp_.pdf, page 1>
Package pdftex.def Info: temp_.pdf , page1 used on input line 558.
(pdftex.def)             Requested size: 759.9276pt x 983.43575pt.
 [17 </Users/ramith/Documents/170221T/Semester 4/EN2570 - Digital Signal Processing/Filter Design Project /BandStop-FIR-Filter-Design/FIR_Report/temp_.pdf>]
<BandStop_Kaiser.pdf, id=650, 614.295pt x 794.97pt>
File: BandStop_Kaiser.pdf Graphic file (type pdf)
<use BandStop_Kaiser.pdf>
Package pdftex.def Info: BandStop_Kaiser.pdf  used on input line 559.
(pdftex.def)             Requested size: 614.29349pt x 794.96806pt.
File: BandStop_Kaiser.pdf Graphic file (type pdf)
<use BandStop_Kaiser.pdf>
Package pdftex.def Info: BandStop_Kaiser.pdf  used on input line 559.
(pdftex.def)             Requested size: 614.29349pt x 794.96806pt.
<BandStop_Kaiser.pdf, id=653, page=1, 614.295pt x 794.97pt>
File: BandStop_Kaiser.pdf Graphic file (type pdf)
<use BandStop_Kaiser.pdf, page 1>
Package pdftex.def Info: BandStop_Kaiser.pdf , page1 used on input line 559.
(pdftex.def)             Requested size: 483.69687pt x 625.9694pt.
File: BandStop_Kaiser.pdf Graphic file (type pdf)
<use BandStop_Kaiser.pdf, page 1>
Package pdftex.def Info: BandStop_Kaiser.pdf , page1 used on input line 559.
(pdftex.def)             Requested size: 759.9276pt x 983.43575pt.
File: BandStop_Kaiser.pdf Graphic file (type pdf)
<use BandStop_Kaiser.pdf, page 1>
Package pdftex.def Info: BandStop_Kaiser.pdf , page1 used on input line 559.
(pdftex.def)             Requested size: 759.9276pt x 983.43575pt.
File: BandStop_Kaiser.pdf Graphic file (type pdf)
<use BandStop_Kaiser.pdf, page 1>
Package pdftex.def Info: BandStop_Kaiser.pdf , page1 used on input line 559.
(pdftex.def)             Requested size: 759.9276pt x 983.43575pt.
File: BandStop_Kaiser.pdf Graphic file (type pdf)
<use BandStop_Kaiser.pdf, page 1>
Package pdftex.def Info: BandStop_Kaiser.pdf , page1 used on input line 559.
(pdftex.def)             Requested size: 759.9276pt x 983.43575pt.
 [18 </Users/ramith/Documents/170221T/Semester 4/EN2570 - Digital Signal Processing/Filter Design Project /BandStop-FIR-Filter-Design/FIR_Report/BandStop_Kaiser.pdf>]
<BandStop_Kaiser.pdf, id=667, page=2, 614.295pt x 794.97pt>
File: BandStop_Kaiser.pdf Graphic file (type pdf)
<use BandStop_Kaiser.pdf, page 2>
Package pdftex.def Info: BandStop_Kaiser.pdf , page2 used on input line 559.
(pdftex.def)             Requested size: 759.9276pt x 983.43575pt.
File: BandStop_Kaiser.pdf Graphic file (type pdf)
<use BandStop_Kaiser.pdf, page 2>
Package pdftex.def Info: BandStop_Kaiser.pdf , page2 used on input line 559.
(pdftex.def)             Requested size: 759.9276pt x 983.43575pt.
File: BandStop_Kaiser.pdf Graphic file (type pdf)
<use BandStop_Kaiser.pdf, page 2>
Package pdftex.def Info: BandStop_Kaiser.pdf , page2 used on input line 559.
(pdftex.def)             Requested size: 759.9276pt x 983.43575pt.
 [19 </Users/ramith/Documents/170221T/Semester 4/EN2570 - Digital Signal Processing/Filter Design Project /BandStop-FIR-Filter-Design/FIR_Report/BandStop_Kaiser.pdf>]
<BandStop_Kaiser.pdf, id=674, page=3, 614.295pt x 794.97pt>
File: BandStop_Kaiser.pdf Graphic file (type pdf)
<use BandStop_Kaiser.pdf, page 3>
Package pdftex.def Info: BandStop_Kaiser.pdf , page3 used on input line 559.
(pdftex.def)             Requested size: 759.9276pt x 983.43575pt.
File: BandStop_Kaiser.pdf Graphic file (type pdf)
<use BandStop_Kaiser.pdf, page 3>
Package pdftex.def Info: BandStop_Kaiser.pdf , page3 used on input line 559.
(pdftex.def)             Requested size: 759.9276pt x 983.43575pt.
File: BandStop_Kaiser.pdf Graphic file (type pdf)
<use BandStop_Kaiser.pdf, page 3>
Package pdftex.def Info: BandStop_Kaiser.pdf , page3 used on input line 559.
(pdftex.def)             Requested size: 759.9276pt x 983.43575pt.
 [20 </Users/ramith/Documents/170221T/Semester 4/EN2570 - Digital Signal Processing/Filter Design Project /BandStop-FIR-Filter-Design/FIR_Report/BandStop_Kaiser.pdf>]
<BandStop_Kaiser.pdf, id=680, page=4, 614.295pt x 794.97pt>
File: BandStop_Kaiser.pdf Graphic file (type pdf)
<use BandStop_Kaiser.pdf, page 4>
Package pdftex.def Info: BandStop_Kaiser.pdf , page4 used on input line 559.
(pdftex.def)             Requested size: 759.9276pt x 983.43575pt.
File: BandStop_Kaiser.pdf Graphic file (type pdf)
<use BandStop_Kaiser.pdf, page 4>
Package pdftex.def Info: BandStop_Kaiser.pdf , page4 used on input line 559.
(pdftex.def)             Requested size: 759.9276pt x 983.43575pt.
File: BandStop_Kaiser.pdf Graphic file (type pdf)
<use BandStop_Kaiser.pdf, page 4>
Package pdftex.def Info: BandStop_Kaiser.pdf , page4 used on input line 559.
(pdftex.def)             Requested size: 759.9276pt x 983.43575pt.
 [21 </Users/ramith/Documents/170221T/Semester 4/EN2570 - Digital Signal Processing/Filter Design Project /BandStop-FIR-Filter-Design/FIR_Report/BandStop_Kaiser.pdf>]
<BandStop_Kaiser.pdf, id=686, page=5, 614.295pt x 794.97pt>
File: BandStop_Kaiser.pdf Graphic file (type pdf)
<use BandStop_Kaiser.pdf, page 5>
Package pdftex.def Info: BandStop_Kaiser.pdf , page5 used on input line 559.
(pdftex.def)             Requested size: 759.9276pt x 983.43575pt.
File: BandStop_Kaiser.pdf Graphic file (type pdf)
<use BandStop_Kaiser.pdf, page 5>
Package pdftex.def Info: BandStop_Kaiser.pdf , page5 used on input line 559.
(pdftex.def)             Requested size: 759.9276pt x 983.43575pt.
File: BandStop_Kaiser.pdf Graphic file (type pdf)
<use BandStop_Kaiser.pdf, page 5>
Package pdftex.def Info: BandStop_Kaiser.pdf , page5 used on input line 559.
(pdftex.def)             Requested size: 759.9276pt x 983.43575pt.
 [22 </Users/ramith/Documents/170221T/Semester 4/EN2570 - Digital Signal Processing/Filter Design Project /BandStop-FIR-Filter-Design/FIR_Report/BandStop_Kaiser.pdf>]
Package atveryend Info: Empty hook `BeforeClearDocument' on input line 563.
Package atveryend Info: Empty hook `AfterLastShipout' on input line 563.
 (/Users/ramith/Documents/170221T/Semester 4/EN2570 - Digital Signal Processing/Filter Design Project /BandStop-FIR-Filter-Design/FIR_Report/main.aux)
Package atveryend Info: Executing hook `AtVeryEndDocument' on input line 563.
Package atveryend Info: Executing hook `AtEndAfterFileList' on input line 563.
Package rerunfilecheck Info: File `main.out' has not changed.
(rerunfilecheck)             Checksum: 6495CF0447437E9F4AFF6FE919F46D02;2097.


LaTeX Warning: There were multiply-defined labels.

Package atveryend Info: Empty hook `AtVeryVeryEnd' on input line 563.
 ) 
Here is how much of TeX's memory you used:
 13286 strings out of 492616
 197731 string characters out of 6129480
 500978 words of memory out of 5000000
 16803 multiletter control sequences out of 15000+600000
 26248 words of font info for 76 fonts, out of 8000000 for 9000
 1141 hyphenation exceptions out of 8191
 42i,18n,50p,488b,493s stack positions out of 5000i,500n,10000p,200000b,80000s
{/usr/local/texlive/2019/texmf-dist/fonts/enc/dvips/cm-super/cm-super-t1.enc}{/usr/local/texlive/2019/texmf-dist/fonts/enc/dvips/fontawesome/fontawesometwo.enc}</usr/local/texlive/2019/texmf-dist/fonts/type1/public/fontawesome/FontAwesome.pfb></usr/local/texlive/2019/texmf-dist/fonts/type1/public/amsfonts/cm/cmbx10.pfb></usr/local/texlive/2019/texmf-dist/fonts/type1/public/amsfonts/cm/cmbx6.pfb></usr/local/texlive/2019/texmf-dist/fonts/type1/public/amsfonts/cm/cmbx8.pfb></usr/local/texlive/2019/texmf-dist/fonts/type1/public/amsfonts/cm/cmex10.pfb></usr/local/texlive/2019/texmf-dist/fonts/type1/public/amsfonts/cm/cmmi10.pfb></usr/local/texlive/2019/texmf-dist/fonts/type1/public/amsfonts/cm/cmmi12.pfb></usr/local/texlive/2019/texmf-dist/fonts/type1/public/amsfonts/cm/cmmi6.pfb></usr/local/texlive/2019/texmf-dist/fonts/type1/public/amsfonts/cm/cmmi8.pfb></usr/local/texlive/2019/texmf-dist/fonts/type1/public/amsfonts/cm/cmmi9.pfb></usr/local/texlive/2019/texmf-dist/fonts/type1/public/amsfonts/cm/cmr10.pfb></usr/local/texlive/2019/texmf-dist/fonts/type1/public/amsfonts/cm/cmr12.pfb></usr/local/texlive/2019/texmf-dist/fonts/type1/public/amsfonts/cm/cmr6.pfb></usr/local/texlive/2019/texmf-dist/fonts/type1/public/amsfonts/cm/cmr8.pfb></usr/local/texlive/2019/texmf-dist/fonts/type1/public/amsfonts/cm/cmss12.pfb></usr/local/texlive/2019/texmf-dist/fonts/type1/public/amsfonts/cm/cmssbx10.pfb></usr/local/texlive/2019/texmf-dist/fonts/type1/public/amsfonts/cm/cmssi10.pfb></usr/local/texlive/2019/texmf-dist/fonts/type1/public/amsfonts/cm/cmsy10.pfb></usr/local/texlive/2019/texmf-dist/fonts/type1/public/amsfonts/cm/cmsy8.pfb></usr/local/texlive/2019/texmf-dist/fonts/type1/public/amsfonts/symbols/msam10.pfb></usr/local/texlive/2019/texmf-dist/fonts/type1/public/rsfs/rsfs10.pfb></usr/local/texlive/2019/texmf-dist/fonts/type1/public/cm-super/sfbx1095.pfb></usr/local/texlive/2019/texmf-dist/fonts/type1/public/cm-super/sfbx1200.pfb></usr/local/texlive/2019/texmf-dist/fonts/type1/public/cm-super/sfbx1440.pfb></usr/local/texlive/2019/texmf-dist/fonts/type1/public/cm-super/sfbx2074.pfb></usr/local/texlive/2019/texmf-dist/fonts/type1/public/cm-super/sfcc1728.pfb></usr/local/texlive/2019/texmf-dist/fonts/type1/public/cm-super/sfcc2074.pfb></usr/local/texlive/2019/texmf-dist/fonts/type1/public/cm-super/sfrm0800.pfb></usr/local/texlive/2019/texmf-dist/fonts/type1/public/cm-super/sfrm0900.pfb></usr/local/texlive/2019/texmf-dist/fonts/type1/public/cm-super/sfrm1095.pfb></usr/local/texlive/2019/texmf-dist/fonts/type1/public/cm-super/sfrm1200.pfb></usr/local/texlive/2019/texmf-dist/fonts/type1/public/cm-super/sfti1095.pfb></usr/local/texlive/2019/texmf-dist/fonts/type1/public/cm-super/sfti1200.pfb>
Output written on "/Users/ramith/Documents/170221T/Semester 4/EN2570 - Digital Signal Processing/Filter Design Project /BandStop-FIR-Filter-Design/FIR_Report/main.pdf" (22 pages, 933522 bytes).
PDF statistics:
 810 PDF objects out of 1000 (max. 8388607)
 644 compressed objects within 7 object streams
 83 named destinations out of 1000 (max. 500000)
 381 words of extra memory for PDF output out of 10000 (max. 10000000)

